<?xml version="1.0" encoding="UTF-8"?>
<testsuite name="com.wakepercent.WakepercentApplicationTests" tests="1" skipped="0" failures="0" errors="0" timestamp="2024-07-29T06:09:23" hostname="hyeong-gisang-ui-MacBookPro.local" time="0.265">
  <properties/>
  <testcase name="contextLoads()" classname="com.wakepercent.WakepercentApplicationTests" time="0.265"/>
  <system-out><![CDATA[15:09:22.091 [Test worker] INFO org.springframework.test.context.support.AnnotationConfigContextLoaderUtils -- Could not detect default configuration classes for test class [com.wakepercent.WakepercentApplicationTests]: WakepercentApplicationTests does not declare any static, non-private, non-final, nested classes annotated with @Configuration.
15:09:22.126 [Test worker] INFO org.springframework.boot.test.context.SpringBootTestContextBootstrapper -- Found @SpringBootConfiguration com.wakepercent.WakepercentApplication for test class com.wakepercent.WakepercentApplicationTests
15:09:22.178 [Test worker] INFO org.springframework.boot.devtools.restart.RestartApplicationListener -- Restart disabled due to context in which it is running

  .   ____          _            __ _ _
 /\\ / ___'_ __ _ _(_)_ __  __ _ \ \ \ \
( ( )\___ | '_ | '_| | '_ \/ _` | \ \ \ \
 \\/  ___)| |_)| | | | | || (_| |  ) ) ) )
  '  |____| .__|_| |_|_| |_\__, | / / / /
 =========|_|==============|___/=/_/_/_/

 :: Spring Boot ::                (v3.3.2)

2024-07-29T15:09:22.272+09:00  INFO 56536 --- [wakepercent] [    Test worker] c.w.WakepercentApplicationTests          : Starting WakepercentApplicationTests using Java 17.0.10 with PID 56536 (started by gisang.h in /Users/gisang.h/Documents/wakepercent/backend/wakepercent)
2024-07-29T15:09:22.273+09:00  INFO 56536 --- [wakepercent] [    Test worker] c.w.WakepercentApplicationTests          : The following 1 profile is active: "local"
2024-07-29T15:09:22.469+09:00  INFO 56536 --- [wakepercent] [    Test worker] .s.d.r.c.RepositoryConfigurationDelegate : Bootstrapping Spring Data JPA repositories in DEFAULT mode.
2024-07-29T15:09:22.475+09:00  INFO 56536 --- [wakepercent] [    Test worker] .s.d.r.c.RepositoryConfigurationDelegate : Finished Spring Data repository scanning in 3 ms. Found 0 JPA repository interfaces.
2024-07-29T15:09:22.604+09:00  INFO 56536 --- [wakepercent] [    Test worker] o.hibernate.jpa.internal.util.LogHelper  : HHH000204: Processing PersistenceUnitInfo [name: default]
2024-07-29T15:09:22.619+09:00  INFO 56536 --- [wakepercent] [    Test worker] org.hibernate.Version                    : HHH000412: Hibernate ORM core version 6.5.2.Final
2024-07-29T15:09:22.630+09:00  INFO 56536 --- [wakepercent] [    Test worker] o.h.c.internal.RegionFactoryInitiator    : HHH000026: Second-level cache disabled
2024-07-29T15:09:22.651+09:00 DEBUG 56536 --- [wakepercent] [    Test worker] org.hibernate.type.BasicTypeRegistry     : Adding type registration boolean -> org.hibernate.type.BasicTypeReference@49a38b1
2024-07-29T15:09:22.651+09:00 DEBUG 56536 --- [wakepercent] [    Test worker] org.hibernate.type.BasicTypeRegistry     : Adding type registration boolean -> org.hibernate.type.BasicTypeReference@49a38b1
2024-07-29T15:09:22.652+09:00 DEBUG 56536 --- [wakepercent] [    Test worker] org.hibernate.type.BasicTypeRegistry     : Adding type registration java.lang.Boolean -> org.hibernate.type.BasicTypeReference@49a38b1
2024-07-29T15:09:22.652+09:00 DEBUG 56536 --- [wakepercent] [    Test worker] org.hibernate.type.BasicTypeRegistry     : Adding type registration numeric_boolean -> org.hibernate.type.BasicTypeReference@681061d6
2024-07-29T15:09:22.652+09:00 DEBUG 56536 --- [wakepercent] [    Test worker] org.hibernate.type.BasicTypeRegistry     : Adding type registration org.hibernate.type.NumericBooleanConverter -> org.hibernate.type.BasicTypeReference@681061d6
2024-07-29T15:09:22.652+09:00 DEBUG 56536 --- [wakepercent] [    Test worker] org.hibernate.type.BasicTypeRegistry     : Adding type registration true_false -> org.hibernate.type.BasicTypeReference@53d6e959
2024-07-29T15:09:22.652+09:00 DEBUG 56536 --- [wakepercent] [    Test worker] org.hibernate.type.BasicTypeRegistry     : Adding type registration org.hibernate.type.TrueFalseConverter -> org.hibernate.type.BasicTypeReference@53d6e959
2024-07-29T15:09:22.652+09:00 DEBUG 56536 --- [wakepercent] [    Test worker] org.hibernate.type.BasicTypeRegistry     : Adding type registration yes_no -> org.hibernate.type.BasicTypeReference@3caee3a8
2024-07-29T15:09:22.652+09:00 DEBUG 56536 --- [wakepercent] [    Test worker] org.hibernate.type.BasicTypeRegistry     : Adding type registration org.hibernate.type.YesNoConverter -> org.hibernate.type.BasicTypeReference@3caee3a8
2024-07-29T15:09:22.652+09:00 DEBUG 56536 --- [wakepercent] [    Test worker] org.hibernate.type.BasicTypeRegistry     : Adding type registration byte -> org.hibernate.type.BasicTypeReference@69a40b3c
2024-07-29T15:09:22.652+09:00 DEBUG 56536 --- [wakepercent] [    Test worker] org.hibernate.type.BasicTypeRegistry     : Adding type registration byte -> org.hibernate.type.BasicTypeReference@69a40b3c
2024-07-29T15:09:22.652+09:00 DEBUG 56536 --- [wakepercent] [    Test worker] org.hibernate.type.BasicTypeRegistry     : Adding type registration java.lang.Byte -> org.hibernate.type.BasicTypeReference@69a40b3c
2024-07-29T15:09:22.652+09:00 DEBUG 56536 --- [wakepercent] [    Test worker] org.hibernate.type.BasicTypeRegistry     : Adding type registration binary -> org.hibernate.type.BasicTypeReference@251c90f
2024-07-29T15:09:22.652+09:00 DEBUG 56536 --- [wakepercent] [    Test worker] org.hibernate.type.BasicTypeRegistry     : Adding type registration byte[] -> org.hibernate.type.BasicTypeReference@251c90f
2024-07-29T15:09:22.652+09:00 DEBUG 56536 --- [wakepercent] [    Test worker] org.hibernate.type.BasicTypeRegistry     : Adding type registration [B -> org.hibernate.type.BasicTypeReference@251c90f
2024-07-29T15:09:22.653+09:00 DEBUG 56536 --- [wakepercent] [    Test worker] org.hibernate.type.BasicTypeRegistry     : Adding type registration binary_wrapper -> org.hibernate.type.BasicTypeReference@64656b9e
2024-07-29T15:09:22.653+09:00 DEBUG 56536 --- [wakepercent] [    Test worker] org.hibernate.type.BasicTypeRegistry     : Adding type registration wrapper-binary -> org.hibernate.type.BasicTypeReference@64656b9e
2024-07-29T15:09:22.653+09:00 DEBUG 56536 --- [wakepercent] [    Test worker] org.hibernate.type.BasicTypeRegistry     : Adding type registration image -> org.hibernate.type.BasicTypeReference@6870cfac
2024-07-29T15:09:22.653+09:00 DEBUG 56536 --- [wakepercent] [    Test worker] org.hibernate.type.BasicTypeRegistry     : Adding type registration blob -> org.hibernate.type.BasicTypeReference@45554613
2024-07-29T15:09:22.653+09:00 DEBUG 56536 --- [wakepercent] [    Test worker] org.hibernate.type.BasicTypeRegistry     : Adding type registration java.sql.Blob -> org.hibernate.type.BasicTypeReference@45554613
2024-07-29T15:09:22.653+09:00 DEBUG 56536 --- [wakepercent] [    Test worker] org.hibernate.type.BasicTypeRegistry     : Adding type registration materialized_blob -> org.hibernate.type.BasicTypeReference@63e5b8aa
2024-07-29T15:09:22.653+09:00 DEBUG 56536 --- [wakepercent] [    Test worker] org.hibernate.type.BasicTypeRegistry     : Adding type registration materialized_blob_wrapper -> org.hibernate.type.BasicTypeReference@2c9306d3
2024-07-29T15:09:22.653+09:00 DEBUG 56536 --- [wakepercent] [    Test worker] org.hibernate.type.BasicTypeRegistry     : Adding type registration short -> org.hibernate.type.BasicTypeReference@4270b142
2024-07-29T15:09:22.653+09:00 DEBUG 56536 --- [wakepercent] [    Test worker] org.hibernate.type.BasicTypeRegistry     : Adding type registration short -> org.hibernate.type.BasicTypeReference@4270b142
2024-07-29T15:09:22.653+09:00 DEBUG 56536 --- [wakepercent] [    Test worker] org.hibernate.type.BasicTypeRegistry     : Adding type registration java.lang.Short -> org.hibernate.type.BasicTypeReference@4270b142
2024-07-29T15:09:22.653+09:00 DEBUG 56536 --- [wakepercent] [    Test worker] org.hibernate.type.BasicTypeRegistry     : Adding type registration integer -> org.hibernate.type.BasicTypeReference@2dfa02c1
2024-07-29T15:09:22.653+09:00 DEBUG 56536 --- [wakepercent] [    Test worker] org.hibernate.type.BasicTypeRegistry     : Adding type registration int -> org.hibernate.type.BasicTypeReference@2dfa02c1
2024-07-29T15:09:22.653+09:00 DEBUG 56536 --- [wakepercent] [    Test worker] org.hibernate.type.BasicTypeRegistry     : Adding type registration java.lang.Integer -> org.hibernate.type.BasicTypeReference@2dfa02c1
2024-07-29T15:09:22.653+09:00 DEBUG 56536 --- [wakepercent] [    Test worker] org.hibernate.type.BasicTypeRegistry     : Adding type registration long -> org.hibernate.type.BasicTypeReference@6314df3c
2024-07-29T15:09:22.653+09:00 DEBUG 56536 --- [wakepercent] [    Test worker] org.hibernate.type.BasicTypeRegistry     : Adding type registration long -> org.hibernate.type.BasicTypeReference@6314df3c
2024-07-29T15:09:22.653+09:00 DEBUG 56536 --- [wakepercent] [    Test worker] org.hibernate.type.BasicTypeRegistry     : Adding type registration java.lang.Long -> org.hibernate.type.BasicTypeReference@6314df3c
2024-07-29T15:09:22.653+09:00 DEBUG 56536 --- [wakepercent] [    Test worker] org.hibernate.type.BasicTypeRegistry     : Adding type registration float -> org.hibernate.type.BasicTypeReference@5785e813
2024-07-29T15:09:22.653+09:00 DEBUG 56536 --- [wakepercent] [    Test worker] org.hibernate.type.BasicTypeRegistry     : Adding type registration float -> org.hibernate.type.BasicTypeReference@5785e813
2024-07-29T15:09:22.653+09:00 DEBUG 56536 --- [wakepercent] [    Test worker] org.hibernate.type.BasicTypeRegistry     : Adding type registration java.lang.Float -> org.hibernate.type.BasicTypeReference@5785e813
2024-07-29T15:09:22.653+09:00 DEBUG 56536 --- [wakepercent] [    Test worker] org.hibernate.type.BasicTypeRegistry     : Adding type registration double -> org.hibernate.type.BasicTypeReference@10b8b900
2024-07-29T15:09:22.653+09:00 DEBUG 56536 --- [wakepercent] [    Test worker] org.hibernate.type.BasicTypeRegistry     : Adding type registration double -> org.hibernate.type.BasicTypeReference@10b8b900
2024-07-29T15:09:22.653+09:00 DEBUG 56536 --- [wakepercent] [    Test worker] org.hibernate.type.BasicTypeRegistry     : Adding type registration java.lang.Double -> org.hibernate.type.BasicTypeReference@10b8b900
2024-07-29T15:09:22.654+09:00 DEBUG 56536 --- [wakepercent] [    Test worker] org.hibernate.type.BasicTypeRegistry     : Adding type registration big_integer -> org.hibernate.type.BasicTypeReference@6d294ddc
2024-07-29T15:09:22.654+09:00 DEBUG 56536 --- [wakepercent] [    Test worker] org.hibernate.type.BasicTypeRegistry     : Adding type registration java.math.BigInteger -> org.hibernate.type.BasicTypeReference@6d294ddc
2024-07-29T15:09:22.654+09:00 DEBUG 56536 --- [wakepercent] [    Test worker] org.hibernate.type.BasicTypeRegistry     : Adding type registration big_decimal -> org.hibernate.type.BasicTypeReference@2801827a
2024-07-29T15:09:22.654+09:00 DEBUG 56536 --- [wakepercent] [    Test worker] org.hibernate.type.BasicTypeRegistry     : Adding type registration java.math.BigDecimal -> org.hibernate.type.BasicTypeReference@2801827a
2024-07-29T15:09:22.654+09:00 DEBUG 56536 --- [wakepercent] [    Test worker] org.hibernate.type.BasicTypeRegistry     : Adding type registration character -> org.hibernate.type.BasicTypeReference@50bc3219
2024-07-29T15:09:22.654+09:00 DEBUG 56536 --- [wakepercent] [    Test worker] org.hibernate.type.BasicTypeRegistry     : Adding type registration char -> org.hibernate.type.BasicTypeReference@50bc3219
2024-07-29T15:09:22.654+09:00 DEBUG 56536 --- [wakepercent] [    Test worker] org.hibernate.type.BasicTypeRegistry     : Adding type registration java.lang.Character -> org.hibernate.type.BasicTypeReference@50bc3219
2024-07-29T15:09:22.654+09:00 DEBUG 56536 --- [wakepercent] [    Test worker] org.hibernate.type.BasicTypeRegistry     : Adding type registration character_nchar -> org.hibernate.type.BasicTypeReference@599f1b7
2024-07-29T15:09:22.654+09:00 DEBUG 56536 --- [wakepercent] [    Test worker] org.hibernate.type.BasicTypeRegistry     : Adding type registration string -> org.hibernate.type.BasicTypeReference@22791b75
2024-07-29T15:09:22.654+09:00 DEBUG 56536 --- [wakepercent] [    Test worker] org.hibernate.type.BasicTypeRegistry     : Adding type registration java.lang.String -> org.hibernate.type.BasicTypeReference@22791b75
2024-07-29T15:09:22.654+09:00 DEBUG 56536 --- [wakepercent] [    Test worker] org.hibernate.type.BasicTypeRegistry     : Adding type registration nstring -> org.hibernate.type.BasicTypeReference@64f4f12
2024-07-29T15:09:22.654+09:00 DEBUG 56536 --- [wakepercent] [    Test worker] org.hibernate.type.BasicTypeRegistry     : Adding type registration characters -> org.hibernate.type.BasicTypeReference@37d28938
2024-07-29T15:09:22.654+09:00 DEBUG 56536 --- [wakepercent] [    Test worker] org.hibernate.type.BasicTypeRegistry     : Adding type registration char[] -> org.hibernate.type.BasicTypeReference@37d28938
2024-07-29T15:09:22.654+09:00 DEBUG 56536 --- [wakepercent] [    Test worker] org.hibernate.type.BasicTypeRegistry     : Adding type registration [C -> org.hibernate.type.BasicTypeReference@37d28938
2024-07-29T15:09:22.654+09:00 DEBUG 56536 --- [wakepercent] [    Test worker] org.hibernate.type.BasicTypeRegistry     : Adding type registration wrapper-characters -> org.hibernate.type.BasicTypeReference@7d0cd23c
2024-07-29T15:09:22.654+09:00 DEBUG 56536 --- [wakepercent] [    Test worker] org.hibernate.type.BasicTypeRegistry     : Adding type registration text -> org.hibernate.type.BasicTypeReference@17c4dc5b
2024-07-29T15:09:22.654+09:00 DEBUG 56536 --- [wakepercent] [    Test worker] org.hibernate.type.BasicTypeRegistry     : Adding type registration ntext -> org.hibernate.type.BasicTypeReference@6b0f266e
2024-07-29T15:09:22.654+09:00 DEBUG 56536 --- [wakepercent] [    Test worker] org.hibernate.type.BasicTypeRegistry     : Adding type registration clob -> org.hibernate.type.BasicTypeReference@4837f97e
2024-07-29T15:09:22.654+09:00 DEBUG 56536 --- [wakepercent] [    Test worker] org.hibernate.type.BasicTypeRegistry     : Adding type registration java.sql.Clob -> org.hibernate.type.BasicTypeReference@4837f97e
2024-07-29T15:09:22.654+09:00 DEBUG 56536 --- [wakepercent] [    Test worker] org.hibernate.type.BasicTypeRegistry     : Adding type registration nclob -> org.hibernate.type.BasicTypeReference@53314f76
2024-07-29T15:09:22.654+09:00 DEBUG 56536 --- [wakepercent] [    Test worker] org.hibernate.type.BasicTypeRegistry     : Adding type registration java.sql.NClob -> org.hibernate.type.BasicTypeReference@53314f76
2024-07-29T15:09:22.654+09:00 DEBUG 56536 --- [wakepercent] [    Test worker] org.hibernate.type.BasicTypeRegistry     : Adding type registration materialized_clob -> org.hibernate.type.BasicTypeReference@62a6674f
2024-07-29T15:09:22.655+09:00 DEBUG 56536 --- [wakepercent] [    Test worker] org.hibernate.type.BasicTypeRegistry     : Adding type registration materialized_clob_char_array -> org.hibernate.type.BasicTypeReference@70881123
2024-07-29T15:09:22.655+09:00 DEBUG 56536 --- [wakepercent] [    Test worker] org.hibernate.type.BasicTypeRegistry     : Adding type registration materialized_clob_character_array -> org.hibernate.type.BasicTypeReference@703fa45
2024-07-29T15:09:22.655+09:00 DEBUG 56536 --- [wakepercent] [    Test worker] org.hibernate.type.BasicTypeRegistry     : Adding type registration materialized_nclob -> org.hibernate.type.BasicTypeReference@5e905f2c
2024-07-29T15:09:22.655+09:00 DEBUG 56536 --- [wakepercent] [    Test worker] org.hibernate.type.BasicTypeRegistry     : Adding type registration materialized_nclob_character_array -> org.hibernate.type.BasicTypeReference@fddd7ae
2024-07-29T15:09:22.655+09:00 DEBUG 56536 --- [wakepercent] [    Test worker] org.hibernate.type.BasicTypeRegistry     : Adding type registration materialized_nclob_char_array -> org.hibernate.type.BasicTypeReference@3f6cce7f
2024-07-29T15:09:22.655+09:00 DEBUG 56536 --- [wakepercent] [    Test worker] org.hibernate.type.BasicTypeRegistry     : Adding type registration Duration -> org.hibernate.type.BasicTypeReference@2725ca05
2024-07-29T15:09:22.655+09:00 DEBUG 56536 --- [wakepercent] [    Test worker] org.hibernate.type.BasicTypeRegistry     : Adding type registration java.time.Duration -> org.hibernate.type.BasicTypeReference@2725ca05
2024-07-29T15:09:22.655+09:00 DEBUG 56536 --- [wakepercent] [    Test worker] org.hibernate.type.BasicTypeRegistry     : Adding type registration LocalDateTime -> org.hibernate.type.BasicTypeReference@7b9088f2
2024-07-29T15:09:22.655+09:00 DEBUG 56536 --- [wakepercent] [    Test worker] org.hibernate.type.BasicTypeRegistry     : Adding type registration java.time.LocalDateTime -> org.hibernate.type.BasicTypeReference@7b9088f2
2024-07-29T15:09:22.655+09:00 DEBUG 56536 --- [wakepercent] [    Test worker] org.hibernate.type.BasicTypeRegistry     : Adding type registration LocalDate -> org.hibernate.type.BasicTypeReference@1a914089
2024-07-29T15:09:22.655+09:00 DEBUG 56536 --- [wakepercent] [    Test worker] org.hibernate.type.BasicTypeRegistry     : Adding type registration java.time.LocalDate -> org.hibernate.type.BasicTypeReference@1a914089
2024-07-29T15:09:22.655+09:00 DEBUG 56536 --- [wakepercent] [    Test worker] org.hibernate.type.BasicTypeRegistry     : Adding type registration LocalTime -> org.hibernate.type.BasicTypeReference@43d76a92
2024-07-29T15:09:22.655+09:00 DEBUG 56536 --- [wakepercent] [    Test worker] org.hibernate.type.BasicTypeRegistry     : Adding type registration java.time.LocalTime -> org.hibernate.type.BasicTypeReference@43d76a92
2024-07-29T15:09:22.655+09:00 DEBUG 56536 --- [wakepercent] [    Test worker] org.hibernate.type.BasicTypeRegistry     : Adding type registration OffsetDateTime -> org.hibernate.type.BasicTypeReference@4a2bf50f
2024-07-29T15:09:22.655+09:00 DEBUG 56536 --- [wakepercent] [    Test worker] org.hibernate.type.BasicTypeRegistry     : Adding type registration java.time.OffsetDateTime -> org.hibernate.type.BasicTypeReference@4a2bf50f
2024-07-29T15:09:22.655+09:00 DEBUG 56536 --- [wakepercent] [    Test worker] org.hibernate.type.BasicTypeRegistry     : Adding type registration OffsetDateTimeWithTimezone -> org.hibernate.type.BasicTypeReference@350323a0
2024-07-29T15:09:22.655+09:00 DEBUG 56536 --- [wakepercent] [    Test worker] org.hibernate.type.BasicTypeRegistry     : Adding type registration OffsetDateTimeWithoutTimezone -> org.hibernate.type.BasicTypeReference@2506b881
2024-07-29T15:09:22.655+09:00 DEBUG 56536 --- [wakepercent] [    Test worker] org.hibernate.type.BasicTypeRegistry     : Adding type registration OffsetTime -> org.hibernate.type.BasicTypeReference@5d7dd549
2024-07-29T15:09:22.655+09:00 DEBUG 56536 --- [wakepercent] [    Test worker] org.hibernate.type.BasicTypeRegistry     : Adding type registration java.time.OffsetTime -> org.hibernate.type.BasicTypeReference@5d7dd549
2024-07-29T15:09:22.655+09:00 DEBUG 56536 --- [wakepercent] [    Test worker] org.hibernate.type.BasicTypeRegistry     : Adding type registration OffsetTimeUtc -> org.hibernate.type.BasicTypeReference@486bd064
2024-07-29T15:09:22.655+09:00 DEBUG 56536 --- [wakepercent] [    Test worker] org.hibernate.type.BasicTypeRegistry     : Adding type registration OffsetTimeWithTimezone -> org.hibernate.type.BasicTypeReference@6459f4ea
2024-07-29T15:09:22.655+09:00 DEBUG 56536 --- [wakepercent] [    Test worker] org.hibernate.type.BasicTypeRegistry     : Adding type registration OffsetTimeWithoutTimezone -> org.hibernate.type.BasicTypeReference@740b9a50
2024-07-29T15:09:22.655+09:00 DEBUG 56536 --- [wakepercent] [    Test worker] org.hibernate.type.BasicTypeRegistry     : Adding type registration ZonedDateTime -> org.hibernate.type.BasicTypeReference@476fde05
2024-07-29T15:09:22.655+09:00 DEBUG 56536 --- [wakepercent] [    Test worker] org.hibernate.type.BasicTypeRegistry     : Adding type registration java.time.ZonedDateTime -> org.hibernate.type.BasicTypeReference@476fde05
2024-07-29T15:09:22.655+09:00 DEBUG 56536 --- [wakepercent] [    Test worker] org.hibernate.type.BasicTypeRegistry     : Adding type registration ZonedDateTimeWithTimezone -> org.hibernate.type.BasicTypeReference@5111de7c
2024-07-29T15:09:22.655+09:00 DEBUG 56536 --- [wakepercent] [    Test worker] org.hibernate.type.BasicTypeRegistry     : Adding type registration ZonedDateTimeWithoutTimezone -> org.hibernate.type.BasicTypeReference@7ac48e10
2024-07-29T15:09:22.655+09:00 DEBUG 56536 --- [wakepercent] [    Test worker] org.hibernate.type.BasicTypeRegistry     : Adding type registration date -> org.hibernate.type.BasicTypeReference@52354202
2024-07-29T15:09:22.656+09:00 DEBUG 56536 --- [wakepercent] [    Test worker] org.hibernate.type.BasicTypeRegistry     : Adding type registration java.sql.Date -> org.hibernate.type.BasicTypeReference@52354202
2024-07-29T15:09:22.656+09:00 DEBUG 56536 --- [wakepercent] [    Test worker] org.hibernate.type.BasicTypeRegistry     : Adding type registration time -> org.hibernate.type.BasicTypeReference@6b1321b7
2024-07-29T15:09:22.656+09:00 DEBUG 56536 --- [wakepercent] [    Test worker] org.hibernate.type.BasicTypeRegistry     : Adding type registration java.sql.Time -> org.hibernate.type.BasicTypeReference@6b1321b7
2024-07-29T15:09:22.656+09:00 DEBUG 56536 --- [wakepercent] [    Test worker] org.hibernate.type.BasicTypeRegistry     : Adding type registration timestamp -> org.hibernate.type.BasicTypeReference@342ee097
2024-07-29T15:09:22.656+09:00 DEBUG 56536 --- [wakepercent] [    Test worker] org.hibernate.type.BasicTypeRegistry     : Adding type registration java.sql.Timestamp -> org.hibernate.type.BasicTypeReference@342ee097
2024-07-29T15:09:22.656+09:00 DEBUG 56536 --- [wakepercent] [    Test worker] org.hibernate.type.BasicTypeRegistry     : Adding type registration java.util.Date -> org.hibernate.type.BasicTypeReference@342ee097
2024-07-29T15:09:22.656+09:00 DEBUG 56536 --- [wakepercent] [    Test worker] org.hibernate.type.BasicTypeRegistry     : Adding type registration calendar -> org.hibernate.type.BasicTypeReference@6ac45c0c
2024-07-29T15:09:22.656+09:00 DEBUG 56536 --- [wakepercent] [    Test worker] org.hibernate.type.BasicTypeRegistry     : Adding type registration java.util.Calendar -> org.hibernate.type.BasicTypeReference@6ac45c0c
2024-07-29T15:09:22.656+09:00 DEBUG 56536 --- [wakepercent] [    Test worker] org.hibernate.type.BasicTypeRegistry     : Adding type registration java.util.GregorianCalendar -> org.hibernate.type.BasicTypeReference@6ac45c0c
2024-07-29T15:09:22.656+09:00 DEBUG 56536 --- [wakepercent] [    Test worker] org.hibernate.type.BasicTypeRegistry     : Adding type registration calendar_date -> org.hibernate.type.BasicTypeReference@12192604
2024-07-29T15:09:22.656+09:00 DEBUG 56536 --- [wakepercent] [    Test worker] org.hibernate.type.BasicTypeRegistry     : Adding type registration calendar_time -> org.hibernate.type.BasicTypeReference@6075b369
2024-07-29T15:09:22.656+09:00 DEBUG 56536 --- [wakepercent] [    Test worker] org.hibernate.type.BasicTypeRegistry     : Adding type registration instant -> org.hibernate.type.BasicTypeReference@231cdda8
2024-07-29T15:09:22.656+09:00 DEBUG 56536 --- [wakepercent] [    Test worker] org.hibernate.type.BasicTypeRegistry     : Adding type registration java.time.Instant -> org.hibernate.type.BasicTypeReference@231cdda8
2024-07-29T15:09:22.656+09:00 DEBUG 56536 --- [wakepercent] [    Test worker] org.hibernate.type.BasicTypeRegistry     : Adding type registration uuid -> org.hibernate.type.BasicTypeReference@6b70d1fb
2024-07-29T15:09:22.656+09:00 DEBUG 56536 --- [wakepercent] [    Test worker] org.hibernate.type.BasicTypeRegistry     : Adding type registration java.util.UUID -> org.hibernate.type.BasicTypeReference@6b70d1fb
2024-07-29T15:09:22.656+09:00 DEBUG 56536 --- [wakepercent] [    Test worker] org.hibernate.type.BasicTypeRegistry     : Adding type registration pg-uuid -> org.hibernate.type.BasicTypeReference@6b70d1fb
2024-07-29T15:09:22.656+09:00 DEBUG 56536 --- [wakepercent] [    Test worker] org.hibernate.type.BasicTypeRegistry     : Adding type registration uuid-binary -> org.hibernate.type.BasicTypeReference@3002e397
2024-07-29T15:09:22.656+09:00 DEBUG 56536 --- [wakepercent] [    Test worker] org.hibernate.type.BasicTypeRegistry     : Adding type registration uuid-char -> org.hibernate.type.BasicTypeReference@7da1e005
2024-07-29T15:09:22.656+09:00 DEBUG 56536 --- [wakepercent] [    Test worker] org.hibernate.type.BasicTypeRegistry     : Adding type registration class -> org.hibernate.type.BasicTypeReference@38159384
2024-07-29T15:09:22.656+09:00 DEBUG 56536 --- [wakepercent] [    Test worker] org.hibernate.type.BasicTypeRegistry     : Adding type registration java.lang.Class -> org.hibernate.type.BasicTypeReference@38159384
2024-07-29T15:09:22.656+09:00 DEBUG 56536 --- [wakepercent] [    Test worker] org.hibernate.type.BasicTypeRegistry     : Adding type registration currency -> org.hibernate.type.BasicTypeReference@55877274
2024-07-29T15:09:22.656+09:00 DEBUG 56536 --- [wakepercent] [    Test worker] org.hibernate.type.BasicTypeRegistry     : Adding type registration Currency -> org.hibernate.type.BasicTypeReference@55877274
2024-07-29T15:09:22.656+09:00 DEBUG 56536 --- [wakepercent] [    Test worker] org.hibernate.type.BasicTypeRegistry     : Adding type registration java.util.Currency -> org.hibernate.type.BasicTypeReference@55877274
2024-07-29T15:09:22.656+09:00 DEBUG 56536 --- [wakepercent] [    Test worker] org.hibernate.type.BasicTypeRegistry     : Adding type registration locale -> org.hibernate.type.BasicTypeReference@723e2d08
2024-07-29T15:09:22.656+09:00 DEBUG 56536 --- [wakepercent] [    Test worker] org.hibernate.type.BasicTypeRegistry     : Adding type registration java.util.Locale -> org.hibernate.type.BasicTypeReference@723e2d08
2024-07-29T15:09:22.657+09:00 DEBUG 56536 --- [wakepercent] [    Test worker] org.hibernate.type.BasicTypeRegistry     : Adding type registration serializable -> org.hibernate.type.BasicTypeReference@6d4a82
2024-07-29T15:09:22.657+09:00 DEBUG 56536 --- [wakepercent] [    Test worker] org.hibernate.type.BasicTypeRegistry     : Adding type registration java.io.Serializable -> org.hibernate.type.BasicTypeReference@6d4a82
2024-07-29T15:09:22.657+09:00 DEBUG 56536 --- [wakepercent] [    Test worker] org.hibernate.type.BasicTypeRegistry     : Adding type registration timezone -> org.hibernate.type.BasicTypeReference@14f060b8
2024-07-29T15:09:22.657+09:00 DEBUG 56536 --- [wakepercent] [    Test worker] org.hibernate.type.BasicTypeRegistry     : Adding type registration java.util.TimeZone -> org.hibernate.type.BasicTypeReference@14f060b8
2024-07-29T15:09:22.657+09:00 DEBUG 56536 --- [wakepercent] [    Test worker] org.hibernate.type.BasicTypeRegistry     : Adding type registration ZoneOffset -> org.hibernate.type.BasicTypeReference@7a0ab480
2024-07-29T15:09:22.657+09:00 DEBUG 56536 --- [wakepercent] [    Test worker] org.hibernate.type.BasicTypeRegistry     : Adding type registration java.time.ZoneOffset -> org.hibernate.type.BasicTypeReference@7a0ab480
2024-07-29T15:09:22.657+09:00 DEBUG 56536 --- [wakepercent] [    Test worker] org.hibernate.type.BasicTypeRegistry     : Adding type registration url -> org.hibernate.type.BasicTypeReference@79df80a4
2024-07-29T15:09:22.657+09:00 DEBUG 56536 --- [wakepercent] [    Test worker] org.hibernate.type.BasicTypeRegistry     : Adding type registration java.net.URL -> org.hibernate.type.BasicTypeReference@79df80a4
2024-07-29T15:09:22.657+09:00 DEBUG 56536 --- [wakepercent] [    Test worker] org.hibernate.type.BasicTypeRegistry     : Adding type registration vector -> org.hibernate.type.BasicTypeReference@130cfc47
2024-07-29T15:09:22.657+09:00 DEBUG 56536 --- [wakepercent] [    Test worker] org.hibernate.type.BasicTypeRegistry     : Adding type registration row_version -> org.hibernate.type.BasicTypeReference@4eeab3e
2024-07-29T15:09:22.659+09:00 DEBUG 56536 --- [wakepercent] [    Test worker] org.hibernate.type.BasicTypeRegistry     : Adding type registration object -> org.hibernate.type.JavaObjectType@21b51e59
2024-07-29T15:09:22.659+09:00 DEBUG 56536 --- [wakepercent] [    Test worker] org.hibernate.type.BasicTypeRegistry     : Adding type registration java.lang.Object -> org.hibernate.type.JavaObjectType@21b51e59
2024-07-29T15:09:22.659+09:00 DEBUG 56536 --- [wakepercent] [    Test worker] org.hibernate.type.BasicTypeRegistry     : Adding type registration null -> org.hibernate.type.NullType@1b8aaeab
2024-07-29T15:09:22.659+09:00 DEBUG 56536 --- [wakepercent] [    Test worker] org.hibernate.type.BasicTypeRegistry     : Adding type registration imm_date -> org.hibernate.type.BasicTypeReference@5d1bdd4a
2024-07-29T15:09:22.659+09:00 DEBUG 56536 --- [wakepercent] [    Test worker] org.hibernate.type.BasicTypeRegistry     : Adding type registration imm_time -> org.hibernate.type.BasicTypeReference@6812c8cc
2024-07-29T15:09:22.659+09:00 DEBUG 56536 --- [wakepercent] [    Test worker] org.hibernate.type.BasicTypeRegistry     : Adding type registration imm_timestamp -> org.hibernate.type.BasicTypeReference@3457cc8d
2024-07-29T15:09:22.659+09:00 DEBUG 56536 --- [wakepercent] [    Test worker] org.hibernate.type.BasicTypeRegistry     : Adding type registration imm_calendar -> org.hibernate.type.BasicTypeReference@7a66c35a
2024-07-29T15:09:22.660+09:00 DEBUG 56536 --- [wakepercent] [    Test worker] org.hibernate.type.BasicTypeRegistry     : Adding type registration imm_calendar_date -> org.hibernate.type.BasicTypeReference@7994a0d1
2024-07-29T15:09:22.660+09:00 DEBUG 56536 --- [wakepercent] [    Test worker] org.hibernate.type.BasicTypeRegistry     : Adding type registration imm_calendar_time -> org.hibernate.type.BasicTypeReference@73e4387
2024-07-29T15:09:22.660+09:00 DEBUG 56536 --- [wakepercent] [    Test worker] org.hibernate.type.BasicTypeRegistry     : Adding type registration imm_binary -> org.hibernate.type.BasicTypeReference@d87d449
2024-07-29T15:09:22.660+09:00 DEBUG 56536 --- [wakepercent] [    Test worker] org.hibernate.type.BasicTypeRegistry     : Adding type registration imm_serializable -> org.hibernate.type.BasicTypeReference@4137aab0
2024-07-29T15:09:22.849+09:00  INFO 56536 --- [wakepercent] [    Test worker] o.s.o.j.p.SpringPersistenceUnitInfo      : No LoadTimeWeaver setup: ignoring JPA class transformer
2024-07-29T15:09:22.859+09:00  INFO 56536 --- [wakepercent] [    Test worker] com.zaxxer.hikari.HikariDataSource       : HikariPool-1 - Starting...
2024-07-29T15:09:22.977+09:00  INFO 56536 --- [wakepercent] [    Test worker] com.zaxxer.hikari.pool.HikariPool        : HikariPool-1 - Added connection com.mysql.cj.jdbc.ConnectionImpl@ccd000e
2024-07-29T15:09:22.978+09:00  INFO 56536 --- [wakepercent] [    Test worker] com.zaxxer.hikari.HikariDataSource       : HikariPool-1 - Start completed.
2024-07-29T15:09:22.997+09:00  WARN 56536 --- [wakepercent] [    Test worker] org.hibernate.orm.deprecation            : HHH90000025: MySQLDialect does not need to be specified explicitly using 'hibernate.dialect' (remove the property setting and it will be selected by default)
2024-07-29T15:09:23.004+09:00 DEBUG 56536 --- [wakepercent] [    Test worker] o.h.t.d.sql.spi.DdlTypeRegistry          : addDescriptor(12, org.hibernate.type.descriptor.sql.internal.CapacityDependentDdlType@36e3321e) replaced previous registration(org.hibernate.type.descriptor.sql.internal.CapacityDependentDdlType@218f2f51)
2024-07-29T15:09:23.004+09:00 DEBUG 56536 --- [wakepercent] [    Test worker] o.h.t.d.sql.spi.DdlTypeRegistry          : addDescriptor(-9, org.hibernate.type.descriptor.sql.internal.CapacityDependentDdlType@1d9af731) replaced previous registration(org.hibernate.type.descriptor.sql.internal.CapacityDependentDdlType@39afe59f)
2024-07-29T15:09:23.004+09:00 DEBUG 56536 --- [wakepercent] [    Test worker] o.h.t.d.sql.spi.DdlTypeRegistry          : addDescriptor(-3, org.hibernate.type.descriptor.sql.internal.CapacityDependentDdlType@16f34376) replaced previous registration(org.hibernate.type.descriptor.sql.internal.CapacityDependentDdlType@4ede035e)
2024-07-29T15:09:23.004+09:00 DEBUG 56536 --- [wakepercent] [    Test worker] o.h.t.d.sql.spi.DdlTypeRegistry          : addDescriptor(4003, org.hibernate.type.descriptor.sql.internal.DdlTypeImpl@43756cb) replaced previous registration(org.hibernate.type.descriptor.sql.internal.DdlTypeImpl@4272d8cf)
2024-07-29T15:09:23.004+09:00 DEBUG 56536 --- [wakepercent] [    Test worker] o.h.t.d.sql.spi.DdlTypeRegistry          : addDescriptor(4001, org.hibernate.type.descriptor.sql.internal.DdlTypeImpl@4e96cb04) replaced previous registration(org.hibernate.type.descriptor.sql.internal.DdlTypeImpl@70ecf57b)
2024-07-29T15:09:23.004+09:00 DEBUG 56536 --- [wakepercent] [    Test worker] o.h.t.d.sql.spi.DdlTypeRegistry          : addDescriptor(4002, org.hibernate.type.descriptor.sql.internal.DdlTypeImpl@4e5364a3) replaced previous registration(org.hibernate.type.descriptor.sql.internal.DdlTypeImpl@1a336906)
2024-07-29T15:09:23.004+09:00 DEBUG 56536 --- [wakepercent] [    Test worker] o.h.t.d.sql.spi.DdlTypeRegistry          : addDescriptor(2004, org.hibernate.type.descriptor.sql.internal.CapacityDependentDdlType@62054faf) replaced previous registration(org.hibernate.type.descriptor.sql.internal.DdlTypeImpl@75d539b9)
2024-07-29T15:09:23.004+09:00 DEBUG 56536 --- [wakepercent] [    Test worker] o.h.t.d.sql.spi.DdlTypeRegistry          : addDescriptor(2005, org.hibernate.type.descriptor.sql.internal.CapacityDependentDdlType@20f63ddc) replaced previous registration(org.hibernate.type.descriptor.sql.internal.DdlTypeImpl@210c1b9d)
2024-07-29T15:09:23.004+09:00 DEBUG 56536 --- [wakepercent] [    Test worker] o.h.t.d.sql.spi.DdlTypeRegistry          : addDescriptor(2011, org.hibernate.type.descriptor.sql.internal.CapacityDependentDdlType@69bc4024) replaced previous registration(org.hibernate.type.descriptor.sql.internal.DdlTypeImpl@3578a45b)
2024-07-29T15:09:23.005+09:00 DEBUG 56536 --- [wakepercent] [    Test worker] o.h.t.d.jdbc.spi.JdbcTypeRegistry        : addDescriptor(NCharTypeDescriptor) replaced previous registration(CharTypeDescriptor)
2024-07-29T15:09:23.005+09:00 DEBUG 56536 --- [wakepercent] [    Test worker] o.h.t.d.jdbc.spi.JdbcTypeRegistry        : addDescriptor(NVarcharTypeDescriptor) replaced previous registration(VarcharTypeDescriptor)
2024-07-29T15:09:23.005+09:00 DEBUG 56536 --- [wakepercent] [    Test worker] o.h.t.d.jdbc.spi.JdbcTypeRegistry        : addDescriptor(LongNVarcharTypeDescriptor) replaced previous registration(LongVarcharTypeDescriptor)
2024-07-29T15:09:23.006+09:00 DEBUG 56536 --- [wakepercent] [    Test worker] o.h.t.d.jdbc.spi.JdbcTypeRegistry        : addDescriptor(NClobTypeDescriptor(DEFAULT)) replaced previous registration(ClobTypeDescriptor(DEFAULT))
2024-07-29T15:09:23.006+09:00 DEBUG 56536 --- [wakepercent] [    Test worker] o.h.t.d.jdbc.spi.JdbcTypeRegistry        : addDescriptor(2005, ClobTypeDescriptor(STREAM_BINDING)) replaced previous registration(ClobTypeDescriptor(DEFAULT))
2024-07-29T15:09:23.006+09:00 DEBUG 56536 --- [wakepercent] [    Test worker] org.hibernate.type.BasicTypeRegistry     : Adding type registration null -> org.hibernate.type.NullType@304068
2024-07-29T15:09:23.006+09:00 DEBUG 56536 --- [wakepercent] [    Test worker] org.hibernate.type.BasicTypeRegistry     : Type registration key [null] overrode previous entry : `org.hibernate.type.NullType@1b8aaeab`
2024-07-29T15:09:23.008+09:00 DEBUG 56536 --- [wakepercent] [    Test worker] org.hibernate.type.BasicTypeRegistry     : Adding type registration org.hibernate.type.DurationType -> basicType@1(java.time.Duration,3015)
2024-07-29T15:09:23.008+09:00 DEBUG 56536 --- [wakepercent] [    Test worker] org.hibernate.type.BasicTypeRegistry     : Adding type registration Duration -> basicType@1(java.time.Duration,3015)
2024-07-29T15:09:23.008+09:00 DEBUG 56536 --- [wakepercent] [    Test worker] org.hibernate.type.BasicTypeRegistry     : Adding type registration java.time.Duration -> basicType@1(java.time.Duration,3015)
2024-07-29T15:09:23.008+09:00 DEBUG 56536 --- [wakepercent] [    Test worker] org.hibernate.type.BasicTypeRegistry     : Adding type registration org.hibernate.type.OffsetDateTimeType -> basicType@2(java.time.OffsetDateTime,3003)
2024-07-29T15:09:23.008+09:00 DEBUG 56536 --- [wakepercent] [    Test worker] org.hibernate.type.BasicTypeRegistry     : Adding type registration OffsetDateTime -> basicType@2(java.time.OffsetDateTime,3003)
2024-07-29T15:09:23.008+09:00 DEBUG 56536 --- [wakepercent] [    Test worker] org.hibernate.type.BasicTypeRegistry     : Adding type registration java.time.OffsetDateTime -> basicType@2(java.time.OffsetDateTime,3003)
2024-07-29T15:09:23.009+09:00 DEBUG 56536 --- [wakepercent] [    Test worker] org.hibernate.type.BasicTypeRegistry     : Adding type registration org.hibernate.type.ZonedDateTimeType -> basicType@3(java.time.ZonedDateTime,3003)
2024-07-29T15:09:23.009+09:00 DEBUG 56536 --- [wakepercent] [    Test worker] org.hibernate.type.BasicTypeRegistry     : Adding type registration ZonedDateTime -> basicType@3(java.time.ZonedDateTime,3003)
2024-07-29T15:09:23.009+09:00 DEBUG 56536 --- [wakepercent] [    Test worker] org.hibernate.type.BasicTypeRegistry     : Adding type registration java.time.ZonedDateTime -> basicType@3(java.time.ZonedDateTime,3003)
2024-07-29T15:09:23.009+09:00 DEBUG 56536 --- [wakepercent] [    Test worker] org.hibernate.type.BasicTypeRegistry     : Adding type registration org.hibernate.type.OffsetTimeType -> basicType@4(java.time.OffsetTime,3007)
2024-07-29T15:09:23.009+09:00 DEBUG 56536 --- [wakepercent] [    Test worker] org.hibernate.type.BasicTypeRegistry     : Adding type registration OffsetTime -> basicType@4(java.time.OffsetTime,3007)
2024-07-29T15:09:23.009+09:00 DEBUG 56536 --- [wakepercent] [    Test worker] org.hibernate.type.BasicTypeRegistry     : Adding type registration java.time.OffsetTime -> basicType@4(java.time.OffsetTime,3007)
2024-07-29T15:09:23.009+09:00 DEBUG 56536 --- [wakepercent] [    Test worker] o.h.type.spi.TypeConfiguration$Scope     : Scoping TypeConfiguration [org.hibernate.type.spi.TypeConfiguration@1d556461] to MetadataBuildingContext [org.hibernate.boot.internal.MetadataBuildingContextRootImpl@5a583720]
2024-07-29T15:09:23.095+09:00  INFO 56536 --- [wakepercent] [    Test worker] o.h.e.t.j.p.i.JtaPlatformInitiator       : HHH000489: No JTA platform available (set 'hibernate.transaction.jta.platform' to enable JTA platform integration)
2024-07-29T15:09:23.096+09:00 DEBUG 56536 --- [wakepercent] [    Test worker] o.h.type.spi.TypeConfiguration$Scope     : Scoping TypeConfiguration [org.hibernate.type.spi.TypeConfiguration@1d556461] to SessionFactoryImplementor [org.hibernate.internal.SessionFactoryImpl@425f94d7]
2024-07-29T15:09:23.097+09:00 TRACE 56536 --- [wakepercent] [    Test worker] o.h.type.spi.TypeConfiguration$Scope     : Handling #sessionFactoryCreated from [org.hibernate.internal.SessionFactoryImpl@425f94d7] for TypeConfiguration
2024-07-29T15:09:23.097+09:00  INFO 56536 --- [wakepercent] [    Test worker] j.LocalContainerEntityManagerFactoryBean : Initialized JPA EntityManagerFactory for persistence unit 'default'
2024-07-29T15:09:23.151+09:00  WARN 56536 --- [wakepercent] [    Test worker] JpaBaseConfiguration$JpaWebConfiguration : spring.jpa.open-in-view is enabled by default. Therefore, database queries may be performed during view rendering. Explicitly configure spring.jpa.open-in-view to disable this warning
2024-07-29T15:09:23.297+09:00  INFO 56536 --- [wakepercent] [    Test worker] c.w.WakepercentApplicationTests          : Started WakepercentApplicationTests in 1.125 seconds (process running for 1.506)
]]></system-out>
  <system-err><![CDATA[]]></system-err>
</testsuite>
